# JRE version: Java(TM) SE Runtime Environment (17.0.9+11) (build 17.0.9+11-LTS-201)
# Java VM: Java HotSpot(TM) 64-Bit Server VM (17.0.9+11-LTS-201, mixed mode, sharing, tiered, compressed oops, compressed class ptrs, g1 gc, windows-amd64)
GC Precious Log:
 CPUs: 2 total, 2 available
 Memory: 8191M
 Large Page Support: Disabled
 NUMA Support: Disabled
 Compressed Oops: Enabled (32-bit)
 Heap Region Size: 1M
 Heap Min Capacity: 8M
 Heap Initial Capacity: 128M
 Heap Max Capacity: 2G
 Pre-touch: Disabled
 Parallel Workers: 2
 Concurrent Workers: 1
 Concurrent Refinement Workers: 2
 Periodic GC: Disabled
Heap:
 garbage-first heap   total 55296K, used 34095K [0x0000000080000000, 0x0000000100000000)
  region size 1024K, 7 young (7168K), 2 survivors (2048K)
 Metaspace       used 50247K, committed 50752K, reserved 1114112K
  class space    used 6583K, committed 6848K, reserved 1048576K
GC Heap History (20 events):
Event: 8.649 GC heap before
{Heap before GC invocations=5 (full 0):
 garbage-first heap   total 131072K, used 19400K [0x0000000080000000, 0x0000000100000000)
  region size 1024K, 14 young (14336K), 8 survivors (8192K)
 Metaspace       used 21297K, committed 21504K, reserved 1114112K
  class space    used 2660K, committed 2752K, reserved 1048576K
}
Event: 8.664 GC heap after
{Heap after GC invocations=6 (full 0):
 garbage-first heap   total 131072K, used 15727K [0x0000000080000000, 0x0000000100000000)
  region size 1024K, 2 young (2048K), 2 survivors (2048K)
 Metaspace       used 21297K, committed 21504K, reserved 1114112K
  class space    used 2660K, committed 2752K, reserved 1048576K
}
Event: 10.279 GC heap before
{Heap before GC invocations=7 (full 0):
 garbage-first heap   total 55296K, used 43375K [0x0000000080000000, 0x0000000100000000)
  region size 1024K, 30 young (30720K), 2 survivors (2048K)
 Metaspace       used 24130K, committed 24384K, reserved 1114112K
  class space    used 3080K, committed 3200K, reserved 1048576K
}
Event: 10.287 GC heap after
{Heap after GC invocations=8 (full 0):
 garbage-first heap   total 55296K, used 17146K [0x0000000080000000, 0x0000000100000000)
  region size 1024K, 3 young (3072K), 3 survivors (3072K)
 Metaspace       used 24130K, committed 24384K, reserved 1114112K
  class space    used 3080K, committed 3200K, reserved 1048576K
}
Event: 12.287 GC heap before
{Heap before GC invocations=8 (full 0):
 garbage-first heap   total 55296K, used 37626K [0x0000000080000000, 0x0000000100000000)
  region size 1024K, 23 young (23552K), 3 survivors (3072K)
 Metaspace       used 27588K, committed 27968K, reserved 1114112K
  class space    used 3600K, committed 3776K, reserved 1048576K
}
Event: 12.301 GC heap after
{Heap after GC invocations=9 (full 0):
 garbage-first heap   total 55296K, used 19105K [0x0000000080000000, 0x0000000100000000)
  region size 1024K, 2 young (2048K), 2 survivors (2048K)
 Metaspace       used 27588K, committed 27968K, reserved 1114112K
  class space    used 3600K, committed 3776K, reserved 1048576K
}
Event: 13.611 GC heap before
{Heap before GC invocations=9 (full 0):
 garbage-first heap   total 55296K, used 40609K [0x0000000080000000, 0x0000000100000000)
  region size 1024K, 22 young (22528K), 2 survivors (2048K)
 Metaspace       used 31208K, committed 31680K, reserved 1114112K
  class space    used 4034K, committed 4288K, reserved 1048576K
}
Event: 13.620 GC heap after
{Heap after GC invocations=10 (full 0):
 garbage-first heap   total 55296K, used 21041K [0x0000000080000000, 0x0000000100000000)
  region size 1024K, 2 young (2048K), 2 survivors (2048K)
 Metaspace       used 31208K, committed 31680K, reserved 1114112K
  class space    used 4034K, committed 4288K, reserved 1048576K
}
Event: 15.312 GC heap before
{Heap before GC invocations=10 (full 0):
 garbage-first heap   total 55296K, used 40497K [0x0000000080000000, 0x0000000100000000)
  region size 1024K, 21 young (21504K), 2 survivors (2048K)
 Metaspace       used 34151K, committed 34624K, reserved 1114112K
  class space    used 4508K, committed 4736K, reserved 1048576K
}
Event: 15.322 GC heap after
{Heap after GC invocations=11 (full 0):
 garbage-first heap   total 55296K, used 22710K [0x0000000080000000, 0x0000000100000000)
  region size 1024K, 2 young (2048K), 2 survivors (2048K)
 Metaspace       used 34151K, committed 34624K, reserved 1114112K
  class space    used 4508K, committed 4736K, reserved 1048576K
}
Event: 15.850 GC heap before
{Heap before GC invocations=11 (full 0):
 garbage-first heap   total 55296K, used 36022K [0x0000000080000000, 0x0000000100000000)
  region size 1024K, 16 young (16384K), 2 survivors (2048K)
 Metaspace       used 35594K, committed 35968K, reserved 1114112K
  class space    used 4731K, committed 4928K, reserved 1048576K
}
Event: 15.856 GC heap after
{Heap after GC invocations=12 (full 0):
 garbage-first heap   total 55296K, used 23732K [0x0000000080000000, 0x0000000100000000)
  region size 1024K, 1 young (1024K), 1 survivors (1024K)
 Metaspace       used 35594K, committed 35968K, reserved 1114112K
  class space    used 4731K, committed 4928K, reserved 1048576K
}
Event: 18.716 GC heap before
{Heap before GC invocations=13 (full 0):
 garbage-first heap   total 55296K, used 42164K [0x0000000080000000, 0x0000000100000000)
  region size 1024K, 19 young (19456K), 1 survivors (1024K)
 Metaspace       used 41109K, committed 41600K, reserved 1114112K
  class space    used 5405K, committed 5632K, reserved 1048576K
}
Event: 18.723 GC heap after
{Heap after GC invocations=14 (full 0):
 garbage-first heap   total 55296K, used 25780K [0x0000000080000000, 0x0000000100000000)
  region size 1024K, 3 young (3072K), 3 survivors (3072K)
 Metaspace       used 41109K, committed 41600K, reserved 1114112K
  class space    used 5405K, committed 5632K, reserved 1048576K
}
Event: 19.930 GC heap before
{Heap before GC invocations=14 (full 0):
 garbage-first heap   total 55296K, used 42164K [0x0000000080000000, 0x0000000100000000)
  region size 1024K, 19 young (19456K), 3 survivors (3072K)
 Metaspace       used 44325K, committed 44864K, reserved 1114112K
  class space    used 5881K, committed 6144K, reserved 1048576K
}
Event: 19.940 GC heap after
{Heap after GC invocations=15 (full 0):
 garbage-first heap   total 55296K, used 28147K [0x0000000080000000, 0x0000000100000000)
  region size 1024K, 3 young (3072K), 3 survivors (3072K)
 Metaspace       used 44325K, committed 44864K, reserved 1114112K
  class space    used 5881K, committed 6144K, reserved 1048576K
}
Event: 20.553 GC heap before
{Heap before GC invocations=15 (full 0):
 garbage-first heap   total 55296K, used 41459K [0x0000000080000000, 0x0000000100000000)
  region size 1024K, 16 young (16384K), 3 survivors (3072K)
 Metaspace       used 47348K, committed 47808K, reserved 1114112K
  class space    used 6292K, committed 6528K, reserved 1048576K
}
Event: 20.560 GC heap after
{Heap after GC invocations=16 (full 0):
 garbage-first heap   total 55296K, used 29198K [0x0000000080000000, 0x0000000100000000)
  region size 1024K, 2 young (2048K), 2 survivors (2048K)
 Metaspace       used 47348K, committed 47808K, reserved 1114112K
  class space    used 6292K, committed 6528K, reserved 1048576K
}
Event: 770.969 GC heap before
{Heap before GC invocations=17 (full 0):
 garbage-first heap   total 55296K, used 41486K [0x0000000080000000, 0x0000000100000000)
  region size 1024K, 15 young (15360K), 2 survivors (2048K)
 Metaspace       used 50011K, committed 50496K, reserved 1114112K
  class space    used 6582K, committed 6848K, reserved 1048576K
}
Event: 771.406 GC heap after
{Heap after GC invocations=18 (full 0):
 garbage-first heap   total 55296K, used 29999K [0x0000000080000000, 0x0000000100000000)
  region size 1024K, 2 young (2048K), 2 survivors (2048K)
 Metaspace       used 50011K, committed 50496K, reserved 1114112K
  class space    used 6582K, committed 6848K, reserved 1048576K
}

